0 info it worked if it ends with ok
1 verbose cli [ '/home/adil/.nvm/versions/node/v6.10.0/bin/node',
1 verbose cli   '/home/adil/.nvm/versions/node/v6.10.0/bin/npm',
1 verbose cli   'run',
1 verbose cli   'watch:css' ]
2 info using npm@3.10.10
3 info using node@v6.10.0
4 verbose run-script [ 'prewatch:css', 'watch:css', 'postwatch:css' ]
5 info lifecycle halka-boilerplate@1.0.0~prewatch:css: halka-boilerplate@1.0.0
6 silly lifecycle halka-boilerplate@1.0.0~prewatch:css: no script for prewatch:css, continuing
7 info lifecycle halka-boilerplate@1.0.0~watch:css: halka-boilerplate@1.0.0
8 verbose lifecycle halka-boilerplate@1.0.0~watch:css: unsafe-perm in lifecycle true
9 verbose lifecycle halka-boilerplate@1.0.0~watch:css: PATH: /home/adil/.nvm/versions/node/v6.10.0/lib/node_modules/npm/bin/node-gyp-bin:/home/adil/Development/psx-senti-dash/node_modules/.bin:/home/adil/.nvm/versions/node/v6.10.0/lib/node_modules/npm/bin/node-gyp-bin:/home/adil/Development/psx-senti-dash/node_modules/.bin:/home/adil/.nvm/versions/node/v6.10.0/lib/node_modules/npm/bin/node-gyp-bin:/home/adil/Development/psx-senti-dash/node_modules/.bin:/home/adil/.nvm/versions/node/v6.10.0/bin:/usr/local/sbin:/usr/local/bin:/usr/sbin:/usr/bin:/sbin:/bin:/usr/games:/usr/local/games:/snap/bin:/usr/lib/jvm/java-8-oracle/bin:/usr/lib/jvm/java-8-oracle/db/bin:/usr/lib/jvm/java-8-oracle/jre/bin
10 verbose lifecycle halka-boilerplate@1.0.0~watch:css: CWD: /home/adil/Development/psx-senti-dash
11 silly lifecycle halka-boilerplate@1.0.0~watch:css: Args: [ '-c',
11 silly lifecycle   'npm run build:css && node-sass ./web/src/scss/main.scss -wo ./web/src/' ]
12 silly lifecycle halka-boilerplate@1.0.0~watch:css: Returned: code: 1  signal: null
13 info lifecycle halka-boilerplate@1.0.0~watch:css: Failed to exec watch:css script
14 verbose stack Error: halka-boilerplate@1.0.0 watch:css: `npm run build:css && node-sass ./web/src/scss/main.scss -wo ./web/src/`
14 verbose stack Exit status 1
14 verbose stack     at EventEmitter.<anonymous> (/home/adil/.nvm/versions/node/v6.10.0/lib/node_modules/npm/lib/utils/lifecycle.js:255:16)
14 verbose stack     at emitTwo (events.js:106:13)
14 verbose stack     at EventEmitter.emit (events.js:191:7)
14 verbose stack     at ChildProcess.<anonymous> (/home/adil/.nvm/versions/node/v6.10.0/lib/node_modules/npm/lib/utils/spawn.js:40:14)
14 verbose stack     at emitTwo (events.js:106:13)
14 verbose stack     at ChildProcess.emit (events.js:191:7)
14 verbose stack     at maybeClose (internal/child_process.js:877:16)
14 verbose stack     at Process.ChildProcess._handle.onexit (internal/child_process.js:226:5)
15 verbose pkgid halka-boilerplate@1.0.0
16 verbose cwd /home/adil/Development/psx-senti-dash
17 error Linux 4.4.0-116-generic
18 error argv "/home/adil/.nvm/versions/node/v6.10.0/bin/node" "/home/adil/.nvm/versions/node/v6.10.0/bin/npm" "run" "watch:css"
19 error node v6.10.0
20 error npm  v3.10.10
21 error code ELIFECYCLE
22 error halka-boilerplate@1.0.0 watch:css: `npm run build:css && node-sass ./web/src/scss/main.scss -wo ./web/src/`
22 error Exit status 1
23 error Failed at the halka-boilerplate@1.0.0 watch:css script 'npm run build:css && node-sass ./web/src/scss/main.scss -wo ./web/src/'.
23 error Make sure you have the latest version of node.js and npm installed.
23 error If you do, this is most likely a problem with the halka-boilerplate package,
23 error not with npm itself.
23 error Tell the author that this fails on your system:
23 error     npm run build:css && node-sass ./web/src/scss/main.scss -wo ./web/src/
23 error You can get information on how to open an issue for this project with:
23 error     npm bugs halka-boilerplate
23 error Or if that isn't available, you can get their info via:
23 error     npm owner ls halka-boilerplate
23 error There is likely additional logging output above.
24 verbose exit [ 1, true ]
